0 info it worked if it ends with ok
1 verbose cli [ '/home/hmspl/.nvm/v5.0.0/bin/node',
1 verbose cli   '/home/hmspl/.nvm/v5.0.0/bin/npm',
1 verbose cli   'publish' ]
2 info using npm@3.3.6
3 info using node@v5.0.0
4 verbose publish [ '.' ]
5 silly cache add args [ '.', null ]
6 verbose cache add spec .
7 silly cache add parsed spec Result {
7 silly cache add   raw: '.',
7 silly cache add   scope: null,
7 silly cache add   name: null,
7 silly cache add   rawSpec: '.',
7 silly cache add   spec: '/home/hmspl/WebstormProjects/hm-country-detail',
7 silly cache add   type: 'directory' }
8 verbose addLocalDirectory /home/hmspl/.npm/hm-country-details/1.0.0/package.tgz not in flight; packing
9 info lifecycle hm-country-details@1.0.0~prepublish: hm-country-details@1.0.0
10 silly lifecycle hm-country-details@1.0.0~prepublish: no script for prepublish, continuing
11 verbose tar pack [ '/home/hmspl/.npm/hm-country-details/1.0.0/package.tgz',
11 verbose tar pack   '/home/hmspl/WebstormProjects/hm-country-detail' ]
12 verbose tarball /home/hmspl/.npm/hm-country-details/1.0.0/package.tgz
13 verbose folder /home/hmspl/WebstormProjects/hm-country-detail
14 verbose addLocalTarball adding from inside cache /home/hmspl/.npm/hm-country-details/1.0.0/package.tgz
15 silly cache afterAdd hm-country-details@1.0.0
16 verbose afterAdd /home/hmspl/.npm/hm-country-details/1.0.0/package/package.json not in flight; writing
17 verbose afterAdd /home/hmspl/.npm/hm-country-details/1.0.0/package/package.json written
18 silly publish { name: 'hm-country-details',
18 silly publish   version: '1.0.0',
18 silly publish   description: 'To view country details',
18 silly publish   main: 'index.js',
18 silly publish   scripts: { test: 'test' },
18 silly publish   repository:
18 silly publish    { type: 'git',
18 silly publish      url: 'git+https://github.com/kdilip17/hm-country-details.git' },
18 silly publish   keywords:
18 silly publish    [ 'To',
18 silly publish      'view',
18 silly publish      'country',
18 silly publish      'details',
18 silly publish      'timezones',
18 silly publish      'and',
18 silly publish      'currencys' ],
18 silly publish   author: { name: 'dilipkumar' },
18 silly publish   license: 'MIT',
18 silly publish   bugs: { url: 'https://github.com/kdilip17/hm-country-details/issues' },
18 silly publish   homepage: 'https://github.com/kdilip17/hm-country-details#readme',
18 silly publish   dependencies: {},
18 silly publish   readme: '# hm-country-details',
18 silly publish   readmeFilename: 'README.md',
18 silly publish   gitHead: '06cb9ad66bf9cd95a240c2f34e0e892bad6b5d61',
18 silly publish   _id: 'hm-country-details@1.0.0',
18 silly publish   _shasum: '09dfe892c4999e917705976d99862284ed8cf4c9',
18 silly publish   _from: '.' }
19 verbose getPublishConfig undefined
20 silly mapToRegistry name hm-country-details
21 silly mapToRegistry using default registry
22 silly mapToRegistry registry https://registry.npmjs.org/
23 silly mapToRegistry uri https://registry.npmjs.org/hm-country-details
24 verbose publish registryBase https://registry.npmjs.org/
25 silly publish uploading /home/hmspl/.npm/hm-country-details/1.0.0/package.tgz
26 verbose request uri https://registry.npmjs.org/hm-country-details
27 verbose request sending authorization for write operation
28 info attempt registry request try #1 at 9:29:11 PM
29 verbose request using bearer token for auth
30 verbose request id dc76322e6194fb05
31 http request PUT https://registry.npmjs.org/hm-country-details
32 http 403 https://registry.npmjs.org/hm-country-details
33 verbose headers { 'content-type': 'application/json',
33 verbose headers   'cache-control': 'max-age=300',
33 verbose headers   'content-length': '112',
33 verbose headers   'accept-ranges': 'bytes',
33 verbose headers   date: 'Tue, 12 Jul 2016 15:59:13 GMT',
33 verbose headers   via: '1.1 varnish',
33 verbose headers   connection: 'keep-alive',
33 verbose headers   'x-served-by': 'cache-sin6923-SIN',
33 verbose headers   'x-cache': 'MISS',
33 verbose headers   'x-cache-hits': '0',
33 verbose headers   'x-timer': 'S1468339152.525047,VS0,VE1069',
33 verbose headers   vary: 'Accept-Encoding' }
34 verbose request invalidating /home/hmspl/.npm/registry.npmjs.org/hm-country-details on PUT
35 error publish Failed PUT 403
36 verbose stack Error: you do not have permission to publish "hm-country-details". Are you logged in as the correct user? : hm-country-details
36 verbose stack     at makeError (/home/hmspl/.nvm/v5.0.0/lib/node_modules/npm/node_modules/npm-registry-client/lib/request.js:264:12)
36 verbose stack     at CachingRegistryClient.<anonymous> (/home/hmspl/.nvm/v5.0.0/lib/node_modules/npm/node_modules/npm-registry-client/lib/request.js:252:14)
36 verbose stack     at Request._callback (/home/hmspl/.nvm/v5.0.0/lib/node_modules/npm/node_modules/npm-registry-client/lib/request.js:172:14)
36 verbose stack     at Request.self.callback (/home/hmspl/.nvm/v5.0.0/lib/node_modules/npm/node_modules/request/request.js:198:22)
36 verbose stack     at emitTwo (events.js:87:13)
36 verbose stack     at Request.emit (events.js:172:7)
36 verbose stack     at Request.<anonymous> (/home/hmspl/.nvm/v5.0.0/lib/node_modules/npm/node_modules/request/request.js:1063:14)
36 verbose stack     at emitOne (events.js:82:20)
36 verbose stack     at Request.emit (events.js:169:7)
36 verbose stack     at IncomingMessage.<anonymous> (/home/hmspl/.nvm/v5.0.0/lib/node_modules/npm/node_modules/request/request.js:1009:12)
37 verbose statusCode 403
38 verbose pkgid hm-country-details
39 verbose cwd /home/hmspl/WebstormProjects/hm-country-detail
40 error Linux 4.4.0-28-generic
41 error argv "/home/hmspl/.nvm/v5.0.0/bin/node" "/home/hmspl/.nvm/v5.0.0/bin/npm" "publish"
42 error node v5.0.0
43 error npm  v3.3.6
44 error code E403
45 error you do not have permission to publish "hm-country-details". Are you logged in as the correct user? : hm-country-details
46 error If you need help, you may report this error at:
46 error     <https://github.com/npm/npm/issues>
47 verbose exit [ 1, true ]
